-------------------------------------------------------------------------------
Test set: com.aspire.base.BaseTest
-------------------------------------------------------------------------------
Tests run: 1, Failures: 0, Errors: 1, Skipped: 0, Time elapsed: 0 s <<< FAILURE! - in com.aspire.base.BaseTest
com.aspire.base.BaseTest.initializationError  Time elapsed: 0 s  <<< ERROR!
java.lang.Exception: No runnable methods

