<?xml version="1.0" encoding="UTF-8"?><testsuite errors="1" failures="0" name="com.aspire.testscases.RegistrationTest" skipped="0" tests="2" time="37.53" timestamp="2021-03-15 03:01:31"><testcase classname="com.aspire.testscases.RegistrationTest" name="C register business details"/><testcase classname="com.aspire.testscases.RegistrationTest" name="D verification with identity details"><error message="invalid argument&#10;  (Session info: chrome=89.0.4389.82)&#10;Build info: version: '3.141.59', revision: 'e82be7d358', time: '2018-11-14T08:17:03'&#10;System info: host: 'Nguyens-MacBook-Pro.local', ip: '2001:ee0:5006:94f0:844b:34ab:ab13:bfa3%en0', os.name: 'Mac OS X', os.arch: 'x86_64', os.version: '10.14.6', java.version: '15.0.2'&#10;Driver info: org.openqa.selenium.chrome.ChromeDriver&#10;Capabilities {acceptInsecureCerts: false, browserName: chrome, browserVersion: 89.0.4389.82, chrome: {chromedriverVersion: 89.0.4389.23 (61b08ee2c5002..., userDataDir: /var/folders/vg/4r5s272d5tj...}, goog:chromeOptions: {debuggerAddress: localhost:62494}, javascriptEnabled: true, networkConnectionEnabled: false, pageLoadStrategy: normal, platform: MAC, platformName: MAC, proxy: Proxy(), setWindowRect: true, strictFileInteractability: false, timeouts: {implicit: 0, pageLoad: 300000, script: 30000}, unhandledPromptBehavior: dismiss and notify, webauthn:extension:largeBlob: true, webauthn:virtualAuthenticators: true}&#10;Session ID: 5da2c3f26e8567e66a9221f247dcbb7f" type="org.openqa.selenium.InvalidArgumentException">invalid argument
  (Session info: chrome=89.0.4389.82)
Build info: version: '3.141.59', revision: 'e82be7d358', time: '2018-11-14T08:17:03'
System info: host: 'Nguyens-MacBook-Pro.local', ip: '2001:ee0:5006:94f0:844b:34ab:ab13:bfa3%en0', os.name: 'Mac OS X', os.arch: 'x86_64', os.version: '10.14.6', java.version: '15.0.2'
Driver info: org.openqa.selenium.chrome.ChromeDriver
Capabilities {acceptInsecureCerts: false, browserName: chrome, browserVersion: 89.0.4389.82, chrome: {chromedriverVersion: 89.0.4389.23 (61b08ee2c5002..., userDataDir: /var/folders/vg/4r5s272d5tj...}, goog:chromeOptions: {debuggerAddress: localhost:62494}, javascriptEnabled: true, networkConnectionEnabled: false, pageLoadStrategy: normal, platform: MAC, platformName: MAC, proxy: Proxy(), setWindowRect: true, strictFileInteractability: false, timeouts: {implicit: 0, pageLoad: 300000, script: 30000}, unhandledPromptBehavior: dismiss and notify, webauthn:extension:largeBlob: true, webauthn:virtualAuthenticators: true}
Session ID: 5da2c3f26e8567e66a9221f247dcbb7f</error><system-err>invalid argument
  (Session info: chrome=89.0.4389.82)
Build info: version: '3.141.59', revision: 'e82be7d358', time: '2018-11-14T08:17:03'
System info: host: 'Nguyens-MacBook-Pro.local', ip: '2001:ee0:5006:94f0:844b:34ab:ab13:bfa3%en0', os.name: 'Mac OS X', os.arch: 'x86_64', os.version: '10.14.6', java.version: '15.0.2'
Driver info: org.openqa.selenium.chrome.ChromeDriver
Capabilities {acceptInsecureCerts: false, browserName: chrome, browserVersion: 89.0.4389.82, chrome: {chromedriverVersion: 89.0.4389.23 (61b08ee2c5002..., userDataDir: /var/folders/vg/4r5s272d5tj...}, goog:chromeOptions: {debuggerAddress: localhost:62494}, javascriptEnabled: true, networkConnectionEnabled: false, pageLoadStrategy: normal, platform: MAC, platformName: MAC, proxy: Proxy(), setWindowRect: true, strictFileInteractability: false, timeouts: {implicit: 0, pageLoad: 300000, script: 30000}, unhandledPromptBehavior: dismiss and notify, webauthn:extension:largeBlob: true, webauthn:virtualAuthenticators: true}
Session ID: 5da2c3f26e8567e66a9221f247dcbb7f
com.aspire.pages.IdentifyDetailsPage.takeSelfiePicture(IdentifyDetailsPage.java:28)
com.aspire.pages.IdentifyDetailsPage.verifyKTPStep(IdentifyDetailsPage.java:19)
com.aspire.testscases.RegistrationTest.d_verificationWithIdentityDetails(RegistrationTest.java:78)
org.eclipse.jdt.internal.junit4.runner.JUnit4TestReference.run(JUnit4TestReference.java:89)
org.eclipse.jdt.internal.junit.runner.TestExecution.run(TestExecution.java:41)
org.eclipse.jdt.internal.junit.runner.RemoteTestRunner.runTests(RemoteTestRunner.java:542)
org.eclipse.jdt.internal.junit.runner.RemoteTestRunner.runTests(RemoteTestRunner.java:770)
org.eclipse.jdt.internal.junit.runner.RemoteTestRunner.run(RemoteTestRunner.java:464)
org.eclipse.jdt.internal.junit.runner.RemoteTestRunner.main(RemoteTestRunner.java:210)
</system-err></testcase></testsuite>