<?xml version="1.0" encoding="UTF-8"?><testsuite errors="0" failures="1" name="com.aspire.testscases.RegistrationTest" skipped="0" tests="1" time="21.36" timestamp="2021-03-15 03:03:18"><testcase classname="com.aspire.testscases.RegistrationTest" name="D verification with identity details"><failure message="Expected enabled element was not enabled" type="net.thucydides.core.webdriver.exceptions.ElementShouldBeEnabledException">Expected enabled element was not enabled</failure><system-err>Expected enabled element was not enabled
com.aspire.pages.BasePage.clickSubmitButton(BasePage.java:38)
com.aspire.pages.MiddleNavigationPage.clickBeginVerification(MiddleNavigationPage.java:70)
com.aspire.testscases.RegistrationTest.d_verificationWithIdentityDetails(RegistrationTest.java:77)
org.eclipse.jdt.internal.junit4.runner.JUnit4TestReference.run(JUnit4TestReference.java:89)
org.eclipse.jdt.internal.junit.runner.TestExecution.run(TestExecution.java:41)
org.eclipse.jdt.internal.junit.runner.RemoteTestRunner.runTests(RemoteTestRunner.java:542)
org.eclipse.jdt.internal.junit.runner.RemoteTestRunner.runTests(RemoteTestRunner.java:770)
org.eclipse.jdt.internal.junit.runner.RemoteTestRunner.run(RemoteTestRunner.java:464)
org.eclipse.jdt.internal.junit.runner.RemoteTestRunner.main(RemoteTestRunner.java:210)
</system-err></testcase></testsuite>